ERROR: 2024/09/21 16:19:28 users.go:56: [repository.GetUserByUsernameAndPassword] Error getting user by Username and Password: record not found
ERROR: 2024/09/21 16:20:22 users.go:56: [repository.GetUserByUsernameAndPassword] Error getting user by Username and Password: record not found
ERROR: 2024/09/22 14:40:29 users.go:56: [repository.GetUserByUsernameAndPassword] Error getting user by Username and Password: record not found
ERROR: 2024/09/22 15:11:08 users.go:46: [repository.GetUserByUsername] Error getting user by Username: record not found
ERROR: 2024/09/23 17:33:31 users.go:56: [repository.GetUserByUsernameAndPassword] Error getting user by Username and Password: record not found
ERROR: 2024/09/25 06:28:18 users.go:46: [repository.GetUserByUsername] Error getting user by Username: record not found
ERROR: 2024/09/25 08:26:15 usersbalance.go:14: [repository.GetUserBalanceByID] Error getting balance for user ID: 2
ERROR: 2024/09/25 08:26:15 usersbalance.go:24: [repository.UpdateUserBalance] Error getting balance for user ID: 2
ERROR: 2024/09/25 09:48:30 usersbalance.go:14: [repository.GetUserBalanceByID] Error getting balance for user ID: 1
ERROR: 2024/09/25 09:48:36 usersbalance.go:14: [repository.GetUserBalanceByID] Error getting balance for user ID: 2
ERROR: 2024/09/25 09:48:42 usersbalance.go:14: [repository.GetUserBalanceByID] Error getting balance for user ID: 3
ERROR: 2024/09/25 09:49:21 usersbalance.go:14: [repository.GetUserBalanceByID] Error getting balance for user ID: 1
ERROR: 2024/09/25 09:49:21 usersbalance.go:24: [repository.UpdateUserBalance] Error getting balance for user ID: 1
ERROR: 2024/09/25 09:49:40 usersbalance.go:14: [repository.GetUserBalanceByID] Error getting balance for user ID: 3
ERROR: 2024/09/25 09:49:45 usersbalance.go:14: [repository.GetUserBalanceByID] Error getting balance for user ID: 1
ERROR: 2024/09/25 10:17:58 usersbalance.go:14: [repository.GetUserBalanceByUsername] Error getting user by username: 
ERROR: 2024/09/25 10:18:16 usersbalance.go:14: [repository.GetUserBalanceByUsername] Error getting user by username: 
ERROR: 2024/09/25 10:18:23 usersbalance.go:14: [repository.GetUserBalanceByUsername] Error getting user by username: 
ERROR: 2024/09/25 10:20:10 usersbalance.go:14: [repository.GetUserBalanceByUsername] Error getting user by username: 
ERROR: 2024/09/25 10:21:32 usersbalance.go:21: [repository.GetUserBalanceByUsername] Error getting balance for user ID: 3
ERROR: 2024/09/25 10:22:11 usersbalance.go:21: [repository.GetUserBalanceByUsername] Error getting balance for user ID: 3
ERROR: 2024/09/25 10:25:16 usersbalance.go:42: [repository.UpdateUserBalanceByUsername] Error getting balance for user ID: 3
ERROR: 2024/09/25 10:25:36 usersbalance.go:42: [repository.UpdateUserBalanceByUsername] Error getting balance for user ID: 3
ERROR: 2024/09/25 10:26:04 usersbalance.go:42: [repository.UpdateUserBalanceByUsername] Error getting balance for user ID: 3
ERROR: 2024/09/25 10:44:54 usersbalance.go:44: [repository.UpdateUserBalanceByUsername] Error getting balance for user ID: 3
ERROR: 2024/09/25 10:49:17 usersbalance.go:63: [repository.UpdateUserBalanceByUsername] Error getting balance for user ID: 3
ERROR: 2024/09/25 10:52:19 usersbalance.go:63: [repository.UpdateUserBalanceByUsername] Error getting balance for user ID: 3
ERROR: 2024/09/25 10:52:25 usersbalance.go:22: [repository.GetUserBalanceByUsername] Error getting balance for user ID: 3
ERROR: 2024/09/25 10:52:41 usersbalance.go:22: [repository.GetUserBalanceByUsername] Error getting balance for user ID: 2
ERROR: 2024/09/25 11:28:16 users.go:46: [repository.GetUserByUsername] Error getting user by Username: record not found
ERROR: 2024/09/25 11:28:16 users.go:22: [repository.CreateUser] erroe creating user: ОШИБКА: повторяющееся значение ключа нарушает ограничение уникальности "uni_users_phone_number" (SQLSTATE 23505)
ERROR: 2024/09/25 11:28:16 auth.go:36: Error creating user: ОШИБКА: повторяющееся значение ключа нарушает ограничение уникальности "uni_users_phone_number" (SQLSTATE 23505)
ERROR: 2024/09/25 11:29:35 users.go:54: [repository.GetUserByUsername] Error getting user by Username: record not found
ERROR: 2024/09/25 11:29:35 users.go:22: [repository.CreateUser] erroe creating user: ОШИБКА: повторяющееся значение ключа нарушает ограничение уникальности "uni_users_phone_number" (SQLSTATE 23505)
ERROR: 2024/09/25 11:29:35 auth.go:36: Error creating user: ОШИБКА: повторяющееся значение ключа нарушает ограничение уникальности "uni_users_phone_number" (SQLSTATE 23505)
ERROR: 2024/09/25 11:32:32 users.go:57: [repository.GetUserByUsername] Error getting user by Username: record not found
ERROR: 2024/09/25 11:32:32 users.go:23: [repository.CreateUser] Error creating user: ОШИБКА: повторяющееся значение ключа нарушает ограничение уникальности "uni_users_phone_number" (SQLSTATE 23505)
ERROR: 2024/09/25 11:32:32 auth.go:36: Error creating user: ОШИБКА: повторяющееся значение ключа нарушает ограничение уникальности "uni_users_phone_number" (SQLSTATE 23505)
ERROR: 2024/09/25 11:32:45 users.go:57: [repository.GetUserByUsername] Error getting user by Username: record not found
ERROR: 2024/09/26 09:54:11 users.go:57: [repository.GetUserByUsername] Error getting user by Username: record not found
ERROR: 2024/09/26 09:54:11 users.go:23: [repository.CreateUser] Error creating user: ОШИБКА: INSERT или UPDATE в таблице "users" нарушает ограничение внешнего ключа "fk_users_role" (SQLSTATE 23503)
ERROR: 2024/09/26 09:54:11 auth.go:36: Error creating user: ОШИБКА: INSERT или UPDATE в таблице "users" нарушает ограничение внешнего ключа "fk_users_role" (SQLSTATE 23503)
ERROR: 2024/09/26 09:54:47 users.go:57: [repository.GetUserByUsername] Error getting user by Username: record not found
ERROR: 2024/09/26 09:54:47 users.go:23: [repository.CreateUser] Error creating user: ОШИБКА: INSERT или UPDATE в таблице "users" нарушает ограничение внешнего ключа "fk_users_role" (SQLSTATE 23503)
ERROR: 2024/09/26 09:54:47 auth.go:36: Error creating user: ОШИБКА: INSERT или UPDATE в таблице "users" нарушает ограничение внешнего ключа "fk_users_role" (SQLSTATE 23503)
ERROR: 2024/09/26 09:55:40 users.go:57: [repository.GetUserByUsername] Error getting user by Username: record not found
ERROR: 2024/09/26 09:55:40 users.go:23: [repository.CreateUser] Error creating user: ОШИБКА: INSERT или UPDATE в таблице "users" нарушает ограничение внешнего ключа "fk_users_role" (SQLSTATE 23503)
ERROR: 2024/09/26 09:55:40 auth.go:36: Error creating user: ОШИБКА: INSERT или UPDATE в таблице "users" нарушает ограничение внешнего ключа "fk_users_role" (SQLSTATE 23503)
ERROR: 2024/09/26 09:56:27 main.go:70: Error starting HTTP server: http: Server closed
ERROR: 2024/09/26 09:56:35 users.go:67: [repository.GetUserByUsernameAndPassword] Error getting user by Username and Password: record not found
ERROR: 2024/09/26 09:56:41 users.go:57: [repository.GetUserByUsername] Error getting user by Username: record not found
ERROR: 2024/09/26 09:56:41 users.go:23: [repository.CreateUser] Error creating user: ОШИБКА: INSERT или UPDATE в таблице "users" нарушает ограничение внешнего ключа "fk_users_role" (SQLSTATE 23503)
ERROR: 2024/09/26 09:56:41 auth.go:36: Error creating user: ОШИБКА: INSERT или UPDATE в таблице "users" нарушает ограничение внешнего ключа "fk_users_role" (SQLSTATE 23503)
ERROR: 2024/09/26 09:57:54 main.go:70: Error starting HTTP server: http: Server closed
ERROR: 2024/09/26 09:59:05 users.go:57: [repository.GetUserByUsername] Error getting user by Username: record not found
ERROR: 2024/09/26 09:59:05 users.go:23: [repository.CreateUser] Error creating user: ОШИБКА: INSERT или UPDATE в таблице "users" нарушает ограничение внешнего ключа "fk_users_role" (SQLSTATE 23503)
ERROR: 2024/09/26 09:59:05 auth.go:36: Error creating user: ОШИБКА: INSERT или UPDATE в таблице "users" нарушает ограничение внешнего ключа "fk_users_role" (SQLSTATE 23503)
ERROR: 2024/09/26 11:31:17 main.go:70: Error starting HTTP server: http: Server closed
ERROR: 2024/09/26 11:31:33 users.go:63: [repository.GetUserByUsername] error getting user by username: record not found
ERROR: 2024/09/26 11:31:33 users.go:24: [repository.CreateUser] error creating user: ОШИБКА: INSERT или UPDATE в таблице "users" нарушает ограничение внешнего ключа "fk_users_role" (SQLSTATE 23503)
ERROR: 2024/09/26 11:31:33 users.go:29: [service.CreateUser] error creating user: ОШИБКА: INSERT или UPDATE в таблице "users" нарушает ограничение внешнего ключа "fk_users_role" (SQLSTATE 23503)
ERROR: 2024/09/26 11:31:33 auth.go:36: Error creating user: ОШИБКА: INSERT или UPDATE в таблице "users" нарушает ограничение внешнего ключа "fk_users_role" (SQLSTATE 23503)
ERROR: 2024/09/26 11:35:34 main.go:70: Error starting HTTP server: http: Server closed
ERROR: 2024/09/26 11:35:43 users.go:63: [repository.GetUserByUsername] error getting user by username: record not found
ERROR: 2024/09/26 11:59:18 main.go:70: Error starting HTTP server: http: Server closed
ERROR: 2024/09/26 13:42:06 main.go:60: Failed to run database migrations: ОШИБКА: столбец "deleted_at" имеет тип timestamp with time zone, но тип выражения по умолчанию boolean (SQLSTATE 42804)
ERROR: 2024/09/26 13:57:16 users.go:14: [repository.getUserByID] error getting user by ID: 2
ERROR: 2024/09/26 13:57:16 users.go:50: [service.GetUserByID] error getting user by ID: record not found
ERROR: 2024/09/26 13:57:16 users.go:94: [controllers.GetUserByID] Error retrieving user: record not found
ERROR: 2024/09/26 14:21:47 main.go:70: Error starting HTTP server: http: Server closed
